<?xml version="1.0" encoding="UTF-8"?>
<testng-results ignored="0" total="2" passed="2" failed="0" skipped="0">
  <reporter-output>
  </reporter-output>
  <suite started-at="2025-09-06T09:06:20 IST" name="Master Suite" finished-at="2025-09-06T09:06:42 IST" duration-ms="21775">
    <groups>
      <group name="Master">
        <method signature="TC001_AccountRegistrationTest.verify_account_registration()[pri:0, instance:testCases.TC001_AccountRegistrationTest@618b19ad]" name="verify_account_registration" class="testCases.TC001_AccountRegistrationTest"/>
        <method signature="TC002_AccountLoginTest.verify_account_login()[pri:0, instance:testCases.TC002_AccountLoginTest@6b2ea799]" name="verify_account_login" class="testCases.TC002_AccountLoginTest"/>
      </group> <!-- Master -->
      <group name="Sanity">
        <method signature="TC002_AccountLoginTest.verify_account_login()[pri:0, instance:testCases.TC002_AccountLoginTest@6b2ea799]" name="verify_account_login" class="testCases.TC002_AccountLoginTest"/>
      </group> <!-- Sanity -->
      <group name="Regression">
        <method signature="TC001_AccountRegistrationTest.verify_account_registration()[pri:0, instance:testCases.TC001_AccountRegistrationTest@618b19ad]" name="verify_account_registration" class="testCases.TC001_AccountRegistrationTest"/>
      </group> <!-- Regression -->
    </groups>
    <test started-at="2025-09-06T09:06:20 IST" name="Test" finished-at="2025-09-06T09:06:42 IST" duration-ms="21775">
      <class name="testCases.TC001_AccountRegistrationTest">
        <test-method is-config="true" signature="setup(java.lang.String,java.lang.String)[pri:0, instance:testCases.TC001_AccountRegistrationTest@618b19ad]" started-at="2025-09-06T09:06:21 IST" name="setup" finished-at="2025-09-06T09:06:27 IST" duration-ms="5992" status="PASS">
          <params>
            <param index="0">
              <value>
                <![CDATA[windows]]>
              </value>
            </param>
            <param index="1">
              <value>
                <![CDATA[chrome]]>
              </value>
            </param>
          </params>
          <reporter-output>
          </reporter-output>
        </test-method> <!-- setup -->
        <test-method signature="verify_account_registration()[pri:0, instance:testCases.TC001_AccountRegistrationTest@618b19ad]" started-at="2025-09-06T09:06:27 IST" name="verify_account_registration" finished-at="2025-09-06T09:06:31 IST" duration-ms="4156" status="PASS">
          <reporter-output>
          </reporter-output>
        </test-method> <!-- verify_account_registration -->
        <test-method is-config="true" signature="tearDown()[pri:0, instance:testCases.TC001_AccountRegistrationTest@618b19ad]" started-at="2025-09-06T09:06:31 IST" name="tearDown" finished-at="2025-09-06T09:06:32 IST" duration-ms="456" status="PASS">
          <reporter-output>
          </reporter-output>
        </test-method> <!-- tearDown -->
      </class> <!-- testCases.TC001_AccountRegistrationTest -->
      <class name="testCases.TC002_AccountLoginTest">
        <test-method is-config="true" signature="setup(java.lang.String,java.lang.String)[pri:0, instance:testCases.TC002_AccountLoginTest@6b2ea799]" started-at="2025-09-06T09:06:32 IST" name="setup" finished-at="2025-09-06T09:06:34 IST" duration-ms="2571" status="PASS">
          <params>
            <param index="0">
              <value>
                <![CDATA[windows]]>
              </value>
            </param>
            <param index="1">
              <value>
                <![CDATA[chrome]]>
              </value>
            </param>
          </params>
          <reporter-output>
          </reporter-output>
        </test-method> <!-- setup -->
        <test-method signature="verify_account_login()[pri:0, instance:testCases.TC002_AccountLoginTest@6b2ea799]" started-at="2025-09-06T09:06:34 IST" name="verify_account_login" finished-at="2025-09-06T09:06:42 IST" duration-ms="7619" status="PASS">
          <reporter-output>
          </reporter-output>
        </test-method> <!-- verify_account_login -->
        <test-method is-config="true" signature="tearDown()[pri:0, instance:testCases.TC002_AccountLoginTest@6b2ea799]" started-at="2025-09-06T09:06:42 IST" name="tearDown" finished-at="2025-09-06T09:06:42 IST" duration-ms="446" status="PASS">
          <reporter-output>
          </reporter-output>
        </test-method> <!-- tearDown -->
      </class> <!-- testCases.TC002_AccountLoginTest -->
    </test> <!-- Test -->
  </suite> <!-- Master Suite -->
</testng-results>
