<?xml version="1.0" encoding="UTF-8"?>
<!-- Generated by org.testng.reporters.JUnitReportReporter -->
<testsuite hostname="ASPIRE" failures="0" tests="2" name="testCases.TC002_AccountLoginTest" time="12.523" errors="0" timestamp="2025-12-14T13:05:57 IST" skipped="0">
  <testcase classname="testCases.TC002_AccountLoginTest" name="verify_account_login" time="5.996"/>
  <testcase classname="testCases.TC002_AccountLoginTest" name="verify_account_login" time="6.527"/>
</testsuite> <!-- testCases.TC002_AccountLoginTest -->
