<?xml version="1.0" encoding="UTF-8"?>
<!-- Generated by org.testng.reporters.JUnitReportReporter -->
<testsuite hostname="ASPIRE" failures="0" tests="2" name="testCases.TC001_AccountRegistrationTest" time="6.162" errors="0" timestamp="2025-12-14T13:05:57 IST" skipped="0">
  <testcase classname="testCases.TC001_AccountRegistrationTest" name="verify_account_registration" time="2.521"/>
  <testcase classname="testCases.TC001_AccountRegistrationTest" name="verify_account_registration" time="3.641"/>
</testsuite> <!-- testCases.TC001_AccountRegistrationTest -->
